<?xml version="1.0" encoding="UTF-8"?>
<testng-results skipped="0" failed="1" ignored="0" total="8" passed="7">
  <reporter-output>
  </reporter-output>
  <suite name="Proyecto_Final_Tests test" duration-ms="154013" started-at="2021-08-23T11:36:31 CST" finished-at="2021-08-23T11:39:05 CST">
    <groups>
    </groups>
    <test name="Registro Nuevos Clientes - Chrome" duration-ms="154013" started-at="2021-08-23T11:36:31 CST" finished-at="2021-08-23T11:39:05 CST">
      <class name="selenium.TestAccount">
        <test-method status="PASS" signature="beforeMethod(java.lang.String)[pri:0, instance:selenium.TestAccount@6c345c5f]" name="beforeMethod" is-config="true" duration-ms="8987" started-at="2021-08-23T11:36:31 CST" finished-at="2021-08-23T11:36:40 CST">
          <params>
            <param index="0">
              <value>
                <![CDATA[chrome]]>
              </value>
            </param>
          </params>
          <reporter-output>
          </reporter-output>
        </test-method> <!-- beforeMethod -->
        <test-method status="PASS" signature="Test_CanCreateNewAccounts(pojo.Email)[pri:0, instance:selenium.TestAccount@6c345c5f]" name="Test_CanCreateNewAccounts" duration-ms="4020" started-at="2021-08-23T11:36:40 CST" data-provider="getEmailsAndPasswords" finished-at="2021-08-23T11:36:44 CST">
          <params>
            <param index="0">
              <value>
                <![CDATA[pojo.Email@24c685e7]]>
              </value>
            </param>
          </params>
          <reporter-output>
          </reporter-output>
        </test-method> <!-- Test_CanCreateNewAccounts -->
        <test-method status="PASS" signature="AfterMethod()[pri:0, instance:selenium.TestAccount@6c345c5f]" name="AfterMethod" is-config="true" duration-ms="1419" started-at="2021-08-23T11:36:44 CST" finished-at="2021-08-23T11:36:46 CST">
          <reporter-output>
          </reporter-output>
        </test-method> <!-- AfterMethod -->
        <test-method status="PASS" signature="beforeMethod(java.lang.String)[pri:0, instance:selenium.TestAccount@6c345c5f]" name="beforeMethod" is-config="true" duration-ms="3854" started-at="2021-08-23T11:36:46 CST" finished-at="2021-08-23T11:36:50 CST">
          <params>
            <param index="0">
              <value>
                <![CDATA[chrome]]>
              </value>
            </param>
          </params>
          <reporter-output>
          </reporter-output>
        </test-method> <!-- beforeMethod -->
        <test-method status="PASS" signature="Test_CanCreateNewAccounts(pojo.Email)[pri:0, instance:selenium.TestAccount@6c345c5f]" name="Test_CanCreateNewAccounts" duration-ms="3330" started-at="2021-08-23T11:36:50 CST" data-provider="getEmailsAndPasswords" finished-at="2021-08-23T11:36:53 CST">
          <params>
            <param index="0">
              <value>
                <![CDATA[pojo.Email@4d518c66]]>
              </value>
            </param>
          </params>
          <reporter-output>
          </reporter-output>
        </test-method> <!-- Test_CanCreateNewAccounts -->
        <test-method status="PASS" signature="AfterMethod()[pri:0, instance:selenium.TestAccount@6c345c5f]" name="AfterMethod" is-config="true" duration-ms="1372" started-at="2021-08-23T11:36:53 CST" finished-at="2021-08-23T11:36:54 CST">
          <reporter-output>
          </reporter-output>
        </test-method> <!-- AfterMethod -->
        <test-method status="PASS" signature="beforeMethod(java.lang.String)[pri:0, instance:selenium.TestAccount@6c345c5f]" name="beforeMethod" is-config="true" duration-ms="4429" started-at="2021-08-23T11:36:54 CST" finished-at="2021-08-23T11:36:59 CST">
          <params>
            <param index="0">
              <value>
                <![CDATA[chrome]]>
              </value>
            </param>
          </params>
          <reporter-output>
          </reporter-output>
        </test-method> <!-- beforeMethod -->
        <test-method status="PASS" signature="Test_CanCreateNewAccounts(pojo.Email)[pri:0, instance:selenium.TestAccount@6c345c5f]" name="Test_CanCreateNewAccounts" duration-ms="7693" started-at="2021-08-23T11:36:59 CST" data-provider="getEmailsAndPasswords" finished-at="2021-08-23T11:37:07 CST">
          <params>
            <param index="0">
              <value>
                <![CDATA[pojo.Email@1eb85a47]]>
              </value>
            </param>
          </params>
          <reporter-output>
          </reporter-output>
        </test-method> <!-- Test_CanCreateNewAccounts -->
        <test-method status="PASS" signature="AfterMethod()[pri:0, instance:selenium.TestAccount@6c345c5f]" name="AfterMethod" is-config="true" duration-ms="1918" started-at="2021-08-23T11:37:07 CST" finished-at="2021-08-23T11:37:08 CST">
          <reporter-output>
          </reporter-output>
        </test-method> <!-- AfterMethod -->
        <test-method status="PASS" signature="beforeMethod(java.lang.String)[pri:0, instance:selenium.TestAccount@6c345c5f]" name="beforeMethod" is-config="true" duration-ms="5871" started-at="2021-08-23T11:37:09 CST" finished-at="2021-08-23T11:37:14 CST">
          <params>
            <param index="0">
              <value>
                <![CDATA[chrome]]>
              </value>
            </param>
          </params>
          <reporter-output>
          </reporter-output>
        </test-method> <!-- beforeMethod -->
        <test-method status="PASS" signature="Test_Create_New_Account()[pri:0, instance:selenium.TestAccount@6c345c5f]" name="Test_Create_New_Account" duration-ms="4163" started-at="2021-08-23T11:37:14 CST" finished-at="2021-08-23T11:37:19 CST">
          <reporter-output>
          </reporter-output>
        </test-method> <!-- Test_Create_New_Account -->
        <test-method status="PASS" signature="AfterMethod()[pri:0, instance:selenium.TestAccount@6c345c5f]" name="AfterMethod" is-config="true" duration-ms="19390" started-at="2021-08-23T11:37:19 CST" finished-at="2021-08-23T11:37:38 CST">
          <reporter-output>
          </reporter-output>
        </test-method> <!-- AfterMethod -->
        <test-method status="PASS" signature="beforeMethod(java.lang.String)[pri:0, instance:selenium.TestAccount@6c345c5f]" name="beforeMethod" is-config="true" duration-ms="8496" started-at="2021-08-23T11:37:38 CST" finished-at="2021-08-23T11:37:46 CST">
          <params>
            <param index="0">
              <value>
                <![CDATA[chrome]]>
              </value>
            </param>
          </params>
          <reporter-output>
          </reporter-output>
        </test-method> <!-- beforeMethod -->
        <test-method status="PASS" signature="Test_Login_Successful()[pri:0, instance:selenium.TestAccount@6c345c5f]" name="Test_Login_Successful" duration-ms="5955" started-at="2021-08-23T11:37:47 CST" description="Test Login Success" finished-at="2021-08-23T11:37:52 CST">
          <reporter-output>
          </reporter-output>
        </test-method> <!-- Test_Login_Successful -->
        <test-method status="PASS" signature="AfterMethod()[pri:0, instance:selenium.TestAccount@6c345c5f]" name="AfterMethod" is-config="true" duration-ms="21089" started-at="2021-08-23T11:37:52 CST" finished-at="2021-08-23T11:38:14 CST">
          <reporter-output>
          </reporter-output>
        </test-method> <!-- AfterMethod -->
        <test-method status="PASS" signature="beforeMethod(java.lang.String)[pri:0, instance:selenium.TestAccount@6c345c5f]" name="beforeMethod" is-config="true" duration-ms="8482" started-at="2021-08-23T11:38:14 CST" finished-at="2021-08-23T11:38:22 CST">
          <params>
            <param index="0">
              <value>
                <![CDATA[chrome]]>
              </value>
            </param>
          </params>
          <reporter-output>
          </reporter-output>
        </test-method> <!-- beforeMethod -->
        <test-method status="FAIL" signature="Test_Login_Unsuccessful()[pri:0, instance:selenium.TestAccount@6c345c5f]" name="Test_Login_Unsuccessful" duration-ms="34" started-at="2021-08-23T11:38:22 CST" description="Test Login Not Success" finished-at="2021-08-23T11:38:22 CST">
          <exception class="org.openqa.selenium.NoSuchSessionException">
            <message>
              <![CDATA[Session ID is null. Using WebDriver after calling quit()?
Build info: version: '3.141.59', revision: 'e82be7d358', time: '2018-11-14T08:17:03'
System info: host: 'LAPTOP-6FBL8RKQ', ip: '192.168.1.3', os.name: 'Windows 10', os.arch: 'amd64', os.version: '10.0', java.version: '1.8.0_301'
Driver info: driver.version: RemoteWebDriver]]>
            </message>
            <full-stacktrace>
              <![CDATA[org.openqa.selenium.NoSuchSessionException: Session ID is null. Using WebDriver after calling quit()?
Build info: version: '3.141.59', revision: 'e82be7d358', time: '2018-11-14T08:17:03'
System info: host: 'LAPTOP-6FBL8RKQ', ip: '192.168.1.3', os.name: 'Windows 10', os.arch: 'amd64', os.version: '10.0', java.version: '1.8.0_301'
Driver info: driver.version: RemoteWebDriver
at org.openqa.selenium.remote.HttpCommandExecutor.execute(HttpCommandExecutor.java:125)
at org.openqa.selenium.remote.service.DriverCommandExecutor.execute(DriverCommandExecutor.java:83)
at org.openqa.selenium.remote.RemoteWebDriver.execute(RemoteWebDriver.java:552)
at org.openqa.selenium.remote.RemoteWebDriver.findElement(RemoteWebDriver.java:323)
at org.openqa.selenium.remote.RemoteWebDriver.findElementByXPath(RemoteWebDriver.java:428)
at org.openqa.selenium.By$ByXPath.findElement(By.java:353)
at org.openqa.selenium.remote.RemoteWebDriver.findElement(RemoteWebDriver.java:315)
at PageObjects.HeaderPage.clickOnMyAccount(HeaderPage.java:40)
at PageObjects.LoginPage.GoTo(LoginPage.java:35)
at selenium.TestAccount.Test_Login_Unsuccessful(TestAccount.java:58)
at sun.reflect.NativeMethodAccessorImpl.invoke0(Native Method)
at sun.reflect.NativeMethodAccessorImpl.invoke(NativeMethodAccessorImpl.java:62)
at sun.reflect.DelegatingMethodAccessorImpl.invoke(DelegatingMethodAccessorImpl.java:43)
at java.lang.reflect.Method.invoke(Method.java:498)
at org.testng.internal.MethodInvocationHelper.invokeMethod(MethodInvocationHelper.java:133)
at org.testng.internal.TestInvoker.invokeMethod(TestInvoker.java:584)
at org.testng.internal.TestInvoker.invokeTestMethod(TestInvoker.java:172)
at org.testng.internal.MethodRunner.runInSequence(MethodRunner.java:46)
at org.testng.internal.TestInvoker$MethodInvocationAgent.invoke(TestInvoker.java:804)
at org.testng.internal.TestInvoker.invokeTestMethods(TestInvoker.java:145)
at org.testng.internal.TestMethodWorker.invokeTestMethods(TestMethodWorker.java:146)
at org.testng.internal.TestMethodWorker.run(TestMethodWorker.java:128)
at java.util.ArrayList.forEach(ArrayList.java:1259)
at org.testng.TestRunner.privateRun(TestRunner.java:770)
at org.testng.TestRunner.run(TestRunner.java:591)
at org.testng.SuiteRunner.runTest(SuiteRunner.java:402)
at org.testng.SuiteRunner.runSequentially(SuiteRunner.java:396)
at org.testng.SuiteRunner.privateRun(SuiteRunner.java:355)
at org.testng.SuiteRunner.run(SuiteRunner.java:304)
at org.testng.SuiteRunnerWorker.runSuite(SuiteRunnerWorker.java:53)
at org.testng.SuiteRunnerWorker.run(SuiteRunnerWorker.java:96)
at org.testng.TestNG.runSuitesSequentially(TestNG.java:1180)
at org.testng.TestNG.runSuitesLocally(TestNG.java:1102)
at org.testng.TestNG.runSuites(TestNG.java:1032)
at org.testng.TestNG.run(TestNG.java:1000)
at org.apache.maven.surefire.testng.TestNGExecutor.run(TestNGExecutor.java:283)
at org.apache.maven.surefire.testng.TestNGXmlTestSuite.execute(TestNGXmlTestSuite.java:75)
at org.apache.maven.surefire.testng.TestNGProvider.invoke(TestNGProvider.java:120)
at org.apache.maven.surefire.booter.ForkedBooter.invokeProviderInSameClassLoader(ForkedBooter.java:383)
at org.apache.maven.surefire.booter.ForkedBooter.runSuitesInProcess(ForkedBooter.java:344)
at org.apache.maven.surefire.booter.ForkedBooter.execute(ForkedBooter.java:125)
at org.apache.maven.surefire.booter.ForkedBooter.main(ForkedBooter.java:417)
]]>
            </full-stacktrace>
          </exception> <!-- org.openqa.selenium.NoSuchSessionException -->
          <reporter-output>
          </reporter-output>
        </test-method> <!-- Test_Login_Unsuccessful -->
        <test-method status="PASS" signature="AfterMethod()[pri:0, instance:selenium.TestAccount@6c345c5f]" name="AfterMethod" is-config="true" duration-ms="7909" started-at="2021-08-23T11:38:22 CST" finished-at="2021-08-23T11:38:30 CST">
          <reporter-output>
          </reporter-output>
        </test-method> <!-- AfterMethod -->
        <test-method status="PASS" signature="beforeMethod(java.lang.String)[pri:0, instance:selenium.TestAccount@6c345c5f]" name="beforeMethod" is-config="true" duration-ms="9883" started-at="2021-08-23T11:38:30 CST" finished-at="2021-08-23T11:38:40 CST">
          <params>
            <param index="0">
              <value>
                <![CDATA[chrome]]>
              </value>
            </param>
          </params>
          <reporter-output>
          </reporter-output>
        </test-method> <!-- beforeMethod -->
        <test-method status="PASS" signature="Test_Login_With_Data(pojo.UserAccount)[pri:0, instance:selenium.TestAccount@6c345c5f]" name="Test_Login_With_Data" duration-ms="4286" started-at="2021-08-23T11:38:40 CST" data-provider="getUsersData" finished-at="2021-08-23T11:38:45 CST">
          <params>
            <param index="0">
              <value>
                <![CDATA[pojo.UserAccount@7f6b57f2]]>
              </value>
            </param>
          </params>
          <reporter-output>
          </reporter-output>
        </test-method> <!-- Test_Login_With_Data -->
        <test-method status="PASS" signature="AfterMethod()[pri:0, instance:selenium.TestAccount@6c345c5f]" name="AfterMethod" is-config="true" duration-ms="6217" started-at="2021-08-23T11:38:45 CST" finished-at="2021-08-23T11:38:51 CST">
          <reporter-output>
          </reporter-output>
        </test-method> <!-- AfterMethod -->
        <test-method status="PASS" signature="beforeMethod(java.lang.String)[pri:0, instance:selenium.TestAccount@6c345c5f]" name="beforeMethod" is-config="true" duration-ms="7235" started-at="2021-08-23T11:38:51 CST" finished-at="2021-08-23T11:38:58 CST">
          <params>
            <param index="0">
              <value>
                <![CDATA[chrome]]>
              </value>
            </param>
          </params>
          <reporter-output>
          </reporter-output>
        </test-method> <!-- beforeMethod -->
        <test-method status="PASS" signature="Test_Login_With_Data(pojo.UserAccount)[pri:0, instance:selenium.TestAccount@6c345c5f]" name="Test_Login_With_Data" duration-ms="4134" started-at="2021-08-23T11:38:58 CST" data-provider="getUsersData" finished-at="2021-08-23T11:39:02 CST">
          <params>
            <param index="0">
              <value>
                <![CDATA[pojo.UserAccount@55638165]]>
              </value>
            </param>
          </params>
          <reporter-output>
          </reporter-output>
        </test-method> <!-- Test_Login_With_Data -->
        <test-method status="PASS" signature="AfterMethod()[pri:0, instance:selenium.TestAccount@6c345c5f]" name="AfterMethod" is-config="true" duration-ms="2605" started-at="2021-08-23T11:39:02 CST" finished-at="2021-08-23T11:39:05 CST">
          <reporter-output>
          </reporter-output>
        </test-method> <!-- AfterMethod -->
      </class> <!-- selenium.TestAccount -->
    </test> <!-- Registro Nuevos Clientes - Chrome -->
  </suite> <!-- Proyecto_Final_Tests test -->
</testng-results>
